         w __deregister_frame_info
         w __register_frame_info
         w _ITM_deregisterTMCloneTable
         w _ITM_registerTMCloneTable
         w _Jv_RegisterClasses
00000000 b _TLS_MODULE_BASE_
00000000 a shift
00000000 a shift
00000000 00002000 b tmp_buffer.7872
00001ff8 b .LANCHOR2
00002000 00000401 b __fixedpath
00002404 00000802 b __utf16path
00002c08 00000802 b __utf16path_old.7943
00100000 a __start__
00100000 T _start
00100008 T __service_ptr
0010000c T __apt_appid
00100010 T __heap_size
00100014 T __linear_heap_size
00100018 T __system_arglist
0010001c T __system_runflags
00100020 t startup
00100058 t ClearMem
0010006c t ClrLoop
00100094 T _init
001000ac T initSystem
001000f0 T __ctru_exit
00100110 t .udivsi3_skip_div0_test
00100110 T __aeabi_uidiv
00100110 000001ec T __udivsi3
001002fc 00000020 T __aeabi_uidivmod
0010031c T __aeabi_idiv
0010031c 00000220 T __divsi3
00100324 t .divsi3_skip_div0_test
0010053c 00000020 T __aeabi_idivmod
0010055c 00000004 W __aeabi_idiv0
0010055c 00000004 W __aeabi_ldiv0
00100560 0000019c T __aeabi_frsub
00100568 00000194 T __aeabi_fsub
00100568 00000194 T __subsf3
0010056c 00000190 T __addsf3
0010056c 00000190 T __aeabi_fadd
001006fc 00000028 T __aeabi_ui2f
001006fc 00000028 T __floatunsisf
00100704 00000020 T __aeabi_i2f
00100704 00000020 T __floatsisf
00100724 0000008c T __aeabi_ul2f
00100724 0000008c T __floatundisf
00100734 0000007c T __aeabi_l2f
00100734 0000007c T __floatdisf
001007b0 T __aeabi_uldivmod
001007ec 00000014 T setjmp
00100800 00000018 T longjmp
00100828 00000390 T strcmp
00100bb0 t deregister_tm_clones
00100be0 t register_tm_clones
00100c18 t __do_global_dtors_aux
00100c5c t frame_dummy
00100cb8 000001c4 T main
00100e7c 000002f8 t _sfil_load_PNG_generic
00101174 00000034 t _sfil_read_png_buffer_fn
001011a8 0000004c T sfil_load_PNG_buffer
001011f4 00000050 T png_zalloc
00101244 00000004 T png_zfree
00101248 000001d0 t png_build_16bit_table
00101418 00000114 t png_colorspace_endpoints_match
0010152c 00000498 t png_free_data.part.3
001019c8 00000088 t png_muldiv.part.9
00101a50 00000070 t png_gamma_8bit_correct.part.15
00101ac0 00000200 t png_icc_profile_error
00101cc0 0000003c T png_set_sig_bytes
00101cfc 00000070 T png_sig_cmp
00101d6c 00000020 T png_reset_crc
00101d8c 00000054 T png_calculate_crc
00101de0 00000110 T png_user_version_check
00101ef0 00000114 T png_create_png_struct
00102004 00000040 T png_create_info_struct
00102044 000003a0 T png_destroy_info_struct
001023e4 00000010 T png_free_data
001023f4 0000000c T png_get_io_ptr
00102400 00000094 T png_chunk_unknown_handling
00102494 000000e4 T png_zstream_error
00102578 00000158 T png_colorspace_set_gamma
001026d0 00000084 T png_colorspace_sync
00102758 00000204 T png_colorspace_set_sRGB
0010295c 00000198 T png_icc_check_length
00102af4 0000037c T png_icc_check_header
00102e70 00000138 T png_icc_check_tag_table
00102fa8 00000250 T png_icc_set_sRGB
001031f8 00000284 T png_colorspace_set_rgb_coefficients
0010347c 000002ac T png_check_IHDR
00103728 000002a8 T png_check_fp_number
001039d0 000002d4 T png_check_fp_string
00103ca8 000000c8 T png_muldiv
00103d70 00000078 T png_reciprocal
00103de8 00000b6c T png_colorspace_set_chromaticities
00104954 00000020 T png_gamma_significant
00104978 000000a0 T png_reciprocal2
00104a18 00000090 T png_gamma_8bit_correct
00104aa8 00000104 T png_gamma_correct
00104bac 00000134 T png_destroy_gamma_table
00104ce0 00000880 T png_build_gamma_table
00105560 000001f0 t png_format_buffer.isra.0
00105750 00000078 T png_safecat
001057c8 00000170 T png_format_number
00105938 0000014c T png_warning
00105a84 000001ac T png_chunk_warning
00105c30 00000094 T png_free_jmpbuf
00105cc4 0000002c T png_longjmp
00105cf0 00000060 T png_error
00105d50 0000015c T png_app_warning
00105eac 0000015c T png_app_error
00106008 0000002c T png_chunk_error
00106034 000001a4 T png_chunk_benign_error
001061d8 000002d4 T png_benign_error
001064ac 000000f0 T png_set_longjmp_fn
0010659c 000002dc T png_chunk_report
00106878 00000014 T png_set_error_fn
0010688c 0000001c T png_get_valid
001068a8 000000a0 T png_get_IHDR
00106948 00000064 T png_destroy_png_struct
001069ac 00000078 T png_calloc
00106a24 00000030 T png_malloc_base
00106a54 0000008c T png_malloc_array
00106ae0 00000104 T png_realloc_array
00106be4 0000005c T png_malloc
00106c40 00000064 T png_malloc_warn
00106ca4 00000024 T png_free
00106cc8 00000014 T png_set_mem_fn
00106cdc 00000110 t png_do_read_intrapixel
00106dec 00000408 t png_read_info.part.3
001071f4 00000058 T png_create_read_struct
0010724c 00000010 T png_read_info
0010725c 00000040 T png_read_update_info
0010729c 000003bc T png_read_image
00107658 00000134 T png_destroy_read_struct
0010778c 00000038 T png_default_read_data
001077c4 00000020 T png_read_data
001077e4 00000050 T png_set_read_fn
00107834 00000218 t png_do_gray_to_rgb
00107a4c 00001170 t png_do_compose
00108bbc 00000038 T png_set_scale_16
00108bf4 0000003c T png_set_expand
00108c30 0000003c T png_set_palette_to_rgb
00108c6c 0000003c T png_set_tRNS_to_alpha
00108ca8 00000038 T png_set_gray_to_rgb
00108ce0 00000cc4 T png_init_read_transformations
001099a4 000002c4 T png_read_transform_info
00109c68 000023f0 T png_do_read_transformations
0010c058 000001d0 t png_read_filter_row_sub
0010c228 000001ac t png_read_filter_row_up
0010c3d4 00000080 t png_read_filter_row_avg
0010c454 0000008c t png_read_filter_row_paeth_1byte_pixel
0010c4e0 0000026c t png_read_filter_row_paeth_multibyte_pixel
0010c74c 00000110 t png_inflate_claim
0010c85c 000001d0 t png_inflate.constprop.7
0010ca2c 00000158 t png_inflate_read.part.3.constprop.5
0010cb84 000000dc t png_crc_finish.constprop.10
0010cc60 000002c8 t png_decompress_chunk.constprop.6
0010cf28 000000ac T png_read_sig
0010cfd4 00000158 T png_read_chunk_header
0010d12c 0000015c T png_crc_finish
0010d288 00000178 T png_handle_IHDR
0010d400 00000250 T png_handle_PLTE
0010d650 00000054 T png_handle_IEND
0010d6a4 000000e4 T png_handle_gAMA
0010d788 00000214 T png_handle_sBIT
0010d99c 00000300 T png_handle_cHRM
0010dc9c 00000108 T png_handle_sRGB
0010dda4 000005dc T png_handle_iCCP
0010e380 0000033c T png_handle_sPLT
0010e6bc 0000023c T png_handle_tRNS
0010e8f8 00000224 T png_handle_bKGD
0010eb1c 0000013c T png_handle_hIST
0010ec58 0000013c T png_handle_pHYs
0010ed94 0000015c T png_handle_oFFs
0010eef0 00000378 T png_handle_pCAL
0010f268 00000284 T png_handle_sCAL
0010f4ec 00000114 T png_handle_tIME
0010f600 000001c4 T png_handle_tEXt
0010f7c4 0000024c T png_handle_zTXt
0010fa10 00000348 T png_handle_iTXt
0010fd58 0000036c T png_handle_unknown
001100c4 000004dc T png_combine_row
001105a0 00000484 T png_do_read_interlace
00110a24 00000090 T png_read_filter_row
00110ab4 00000508 T png_read_IDAT_data
00110fbc 00000368 T png_read_finish_row
00111324 00000340 T png_read_start_row
00111664 00000050 T png_set_bKGD
001116b4 000000ac T png_set_hIST
00111760 000000dc T png_set_IHDR
0011183c 0000002c T png_set_oFFs
00111868 00000268 T png_set_pCAL
00111ad0 00000164 T png_set_sCAL_s
00111c34 0000002c T png_set_pHYs
00111c60 0000013c T png_set_PLTE
00111d9c 00000044 T png_set_sBIT
00111de0 00000334 T png_set_text_2
00112114 000000a0 T png_set_tIME
001121b4 00000138 T png_set_tRNS
001122ec 00000184 T png_set_sPLT
00112470 0000018c T png_set_unknown_chunks
001125fc 00000028 T png_set_packing
00112624 00000030 T png_set_interlace_handling
00112654 00000088 T png_set_filler
001126dc 000001ec T png_do_invert
001128c8 0000004c T png_do_swap
00112914 0000006c T png_do_packswap
00112980 0000022c T png_do_strip_channel
00112bac 0000013c T png_do_bgr
00112ce8 000001d0 T png_do_check_palette_indexes
00112eb8 0000044c T adler32
00113304 0000059c T crc32
001138a0 0000009c T inflateReset
0011393c 00000120 T inflateReset2
00113a5c 00000178 T inflateInit2_
00113bd4 00001ffc T inflate
00115bd0 00000060 T inflateEnd
00115c30 00000b64 T inflate_table
00116794 00000008 T zcalloc
0011679c 00000008 T zcfree
001167a4 00000df0 T inflate_fast
00117594 00000048 T sf2d_fini
001175dc 000000a0 T sf2d_start_frame_target
0011767c 00000038 T sf2d_start_frame
001176b4 00000004 T sf2d_end_frame
001176b8 000000b0 T sf2d_swapbuffers
00117768 00000040 T sf2d_pool_memalign
001177a8 00000038 T sf2d_set_clear_color
001177e0 000001ac t sf2d_init_advanced.part.0
0011798c 00000028 T sf2d_init
001179b4 00000118 T sf2d_create_texture
00117acc 00000094 T sf2d_create_rendertarget
00117b60 00000020 T sf2d_free_texture
00117b80 00000014 T sf2d_clear_target
00117b94 00000054 T sf2d_bind_texture
00117be8 000001d4 T sf2d_draw_texture_rotate
00117dbc 00000110 T sf2d_texture_tile32
00117ecc 000002b4 T C3D_UpdateUniforms
00118180 000000c0 T C3Di_DirtyUniforms
00118240 000000e8 T C3Di_LoadShaderUniforms
00118328 00000028 T C3Di_ClearShaderUniforms
00118350 00000028 T AttrInfo_Init
00118378 000000ac T AttrInfo_AddLoader
00118424 00000024 T C3D_GetAttrInfo
00118448 00000080 T C3Di_AttrInfoBind
001184c8 0000003c T C3D_DepthMap
00118504 0000001c T C3D_CullFace
00118520 00000040 T C3D_StencilTest
00118560 00000024 T C3D_StencilOp
00118584 0000001c T C3D_BlendingColor
001185a0 0000002c T C3D_DepthTest
001185cc 0000002c T C3D_AlphaTest
001185f8 00000050 T C3D_AlphaBlend
00118648 00000030 T C3D_FragOpMode
00118678 0000011c T C3Di_EffectBind
00118794 00000148 T C3D_DrawArrays
001188dc 00000020 T BufInfo_Init
001188fc 00000084 T BufInfo_Add
00118980 00000024 T C3D_GetBufInfo
001189a4 00000048 T C3Di_BufInfoBind
001189ec 00000034 T TexEnv_Init
00118a20 00000034 T C3D_GetTexEnv
00118a54 00000024 T C3Di_TexEnvBind
00118a78 000000b8 T C3D_TexInit
00118b30 000000b8 T C3D_TexInitVRAM
00118be8 00000028 T C3D_TexSetWrap
00118c10 00000034 T C3D_TexBind
00118c44 0000003c T C3D_TexDelete
00118c80 0000003c t C3Di_RenderQueueWaitDone
00118cbc 00000078 t performTransfer.part.0
00118d34 00000050 t transferTarget
00118d84 00000024 t onVBlank1
00118da8 0000008c t onVBlank0
00118e34 0000003c t performClear.part.2
00118e70 0000004c t clearTarget
00118ebc 000000c0 t updateFrameQueue.part.4
00118f7c 000000e0 t onRenderFinish
0011905c 000000bc t onTransferFinish
00119118 0000005c t checkRenderQueueInit.part.7
00119174 00000070 t onClearDone
001191e4 0000006c T C3D_FrameBegin
00119250 00000078 T C3D_FrameDrawOn
001192c8 000000cc T C3D_FrameEnd
00119394 000000e0 T C3D_RenderTargetCreate
00119474 0000007c T C3D_RenderTargetDelete
001194f0 00000084 t C3Di_RenderQueueExit
00119574 00000050 T C3D_RenderTargetSetClear
001195c4 00000058 T C3D_RenderTargetSetOutput
0011961c 00000088 t C3Di_AptEventHook
001196a4 00000174 T C3D_Init
00119818 00000098 T C3D_SetViewport
001198b0 00000584 T C3Di_UpdateContext
00119e34 000000e0 T C3Di_FinalizeFrame
00119f14 00000048 T C3D_Fini
00119f5c 000000d4 T C3D_BindProgram
0011a030 000000c8 T Mtx_OrthoTilt
0011a0f8 000000a4 T C3D_RenderBufInit
0011a19c 00000080 T C3D_RenderBufClearAsync
0011a21c 00000028 T C3D_RenderBufTransferAsync
0011a244 00000038 T C3D_RenderBufBind
0011a27c 00000170 T C3Di_RenderBufBind
0011a3ec 00000018 T C3D_RenderBufDelete
0011a404 000000b4 T C3D_ImmSendAttrib
0011a4b8 00000024 t addrMapNodeComparator(rbtree_node const*, rbtree_node const*)
0011a4dc 00000004 t addrMapNodeDestructor(rbtree_node*)
0011a4e0 0000013c T linearMemAlign
0011a61c 00000008 T linearAlloc
0011a624 00000050 T linearFree
0011a674 00000024 t addrMapNodeComparator(rbtree_node const*, rbtree_node const*)
0011a698 00000004 t addrMapNodeDestructor(rbtree_node*)
0011a69c 0000012c T vramMemAlign
0011a7c8 00000008 T vramAlloc
0011a7d0 00000050 T vramFree
0011a820 0000008c t gfxSetFramebufferInfo.part.0
0011a8ac 00000010 T gfxSet3D
0011a8bc 00000010 T gfxIs3D
0011a8cc 00000018 T __get_bytes_per_pixel
0011a8e4 00000174 T gfxSetScreenFormat
0011aa58 00000014 T gfxSetDoubleBuffering
0011aa6c 00000070 T gfxSetFramebufferInfo
0011aadc 00000088 T gfxWriteFramebufferInfo
0011ab64 000001fc T gfxInit
0011ad60 00000010 T gfxInitDefault
0011ad70 000000e0 T gfxExit
0011ae50 000000b0 T gfxGetFramebuffer
0011af00 000000c8 T gfxFlushBuffers
0011afc8 00000070 T gfxConfigScreen
0011b038 00000020 T gfxSwapBuffersGpu
0011b058 0000001c T debug_write
0011b074 000001b0 T consoleDrawChar
0011b224 00000124 T consolePrintChar
0011b348 00000190 t consoleCls
0011b4d8 000000f8 T consoleInit
0011b5d0 00000144 t consoleClearLine
0011b714 000000bc t newRow
0011b7d0 0000079c T con_write
0011bf6c 00000058 t getSysTime
0011bfc4 0000004c T osConvertVirtToPhys
0011c010 00000024 T osGetMemRegionUsed
0011c038 000000f4 T __libctru_gtod
0011c130 00000078 T osGetTime
0011c1a8 00000034 T __ctru_speedup_config
0011c1dc 0000002c T GPUCMD_SetBuffer
0011c208 00000040 T GPUCMD_GetBuffer
0011c248 00000108 T GPUCMD_Add
0011c350 00000098 T GPUCMD_Finalize
0011c3e8 00000044 T f32tof24
0011c42c 00000040 T f32tof31
0011c46c 00000054 T GX_ProcessCommandList
0011c4c0 00000060 T GX_MemoryFill
0011c520 00000050 T GX_DisplayTransfer
0011c570 00000054 T GX_FlushCacheRegions
0011c5c4 00000038 T DVLB_Free
0011c5fc 00000078 T DVLE_GetUniformRegister
0011c674 000001ec T DVLE_GenerateOutmap
0011c860 000001c0 T DVLB_ParseFile
0011ca20 000001f4 T shaderInstanceInit
0011cc14 00000034 T shaderInstanceFree
0011cc48 00000018 T shaderInstanceGetUniformLocation
0011cc60 00000018 T shaderProgramInit
0011cc78 0000002c T shaderProgramFree
0011cca4 0000006c T shaderProgramSetVsh
0011cd10 00000894 T shaderProgramConfigure
0011d5a4 00000070 T ptmSysmInit
0011d614 00000034 T ptmSysmExit
0011d648 00000034 T PTMSYSM_ConfigureNew3DSCPU
0011d67c 000000d0 T hidExit
0011d74c 00000234 T hidScanInput
0011d980 00000010 T hidKeysDown
0011d990 00000010 T hidKeysUp
0011d9a0 00000018 T hidTouchRead
0011d9b8 00000090 T HIDUSER_GetHandles
0011da48 0000018c T hidInit
0011dbd4 00000004 W _aptDebug
0011dbd8 00000130 T aptSendCommand
0011dd08 0000003c t aptExitProcess
0011dd44 00000038 T aptHook
0011dd7c 0000002c T aptUnhook
0011dda8 0000004c T APT_InquireNotification
0011ddf4 0000019c t aptEventHandler
0011df90 00000074 T APT_AppletUtility
0011e004 000000b4 T aptSetSleepAllowed
0011e0b8 000000b4 T APT_GlanceParameter
0011e16c 000000c0 T APT_ReceiveParameter
0011e22c 000000a8 t aptReceiveParameter.constprop.1
0011e2d8 000001ec t aptScreenTransfer
0011e4c4 00000228 t aptWaitForWakeUp
0011e6ec 00000070 T APT_CancelParameter
0011e75c 00000230 T aptInit
0011e98c 0000008c t aptClearParamQueue
0011ea18 00000214 T aptMainLoop
0011ec2c 00000148 T aptExit
0011ed74 00000070 T APT_CheckNew3DS
0011ede4 00000160 t gspEventThreadMain
0011ef44 00000074 T gspInit
0011efb8 0000003c T gspExit
0011eff4 0000002c T gspSetEventCallback
0011f020 00000088 T gspInitEventHandler
0011f0a8 00000030 T gspExitEventHandler
0011f0d8 00000044 T gspWaitForEvent
0011f11c 0000006c T gspWaitForAnyEvent
0011f188 00000124 T gspSubmitGxCommand
0011f2ac 0000006c T GSPGPU_SetBufferSwap
0011f318 0000004c T GSPGPU_FlushDataCache
0011f364 00000034 T GSPGPU_SetLcdForceBlack
0011f398 00000064 T GSPGPU_RegisterInterruptRelayQueue
0011f3fc 0000002c T GSPGPU_UnregisterInterruptRelayQueue
0011f428 00000048 T GSPGPU_AcquireRight
0011f470 0000002c T GSPGPU_ReleaseRight
0011f49c 00000080 T GSPGPU_ImportDisplayCaptureInfo
0011f51c 0000002c T GSPGPU_SaveVramSysArea
0011f548 0000002c T GSPGPU_RestoreVramSysArea
0011f574 000000b0 T irrstScanInput
0011f624 0000001c T irrstKeysHeld
0011f640 00000050 T IRRST_GetHandles
0011f690 00000150 T irrstInit
0011f7e0 0000002c T IRRST_Shutdown
0011f80c 000000ac T irrstExit
0011f8b8 00000070 T rbtree_find
0011f928 00000324 T rbtree_remove
0011fc4c 00000074 T rbtree_node_next
0011fcc0 00000094 T rbtree_rotate
0011fd54 0000018c t do_insert
0011fee0 00000008 T rbtree_insert
0011fee8 00000014 T rbtree_init
0011fefc 000000e8 T __system_initArgv
0011ffe4 00000058 t osGetMemRegionSize
0012003c 00000104 W __system_allocateHeaps
00120140 00000038 W __libctru_init
00120178 T svcControlMemory
00120198 T svcExitProcess
001201a0 T svcCreateThread
001201c0 T svcExitThread
001201c8 T svcSleepThread
001201d0 T svcReleaseMutex
001201d8 T svcCreateEvent
001201ec T svcSignalEvent
001201f4 T svcClearEvent
001201fc T svcMapMemoryBlock
00120204 T svcUnmapMemoryBlock
0012020c T svcCreateAddressArbiter
00120220 T svcArbitrateAddress
00120238 T svcCloseHandle
00120240 T svcWaitSynchronization
00120248 T svcWaitSynchronizationN
00120270 T svcDuplicateHandle
00120284 T svcGetSystemTick
0012028c T svcGetSystemInfo
001202a4 T svcConnectToPort
001202b8 T svcSendSyncRequest
001202c0 T svcBreak
001202c8 T svcOutputDebugString
001202d0 00000098 T MemPool::CoalesceRight(MemBlock*)
00120368 00000178 T MemPool::Allocate(MemChunk&, unsigned long, int)
001204e0 00000100 T MemPool::Deallocate(MemChunk const&)
001205e0 00000024 t addrMapNodeComparator(rbtree_node const*, rbtree_node const*)
00120604 00000004 t addrMapNodeDestructor(rbtree_node*)
00120608 000000f4 T mappableAlloc
001206fc 00000050 T mappableFree
0012074c 000001bc T threadCreate
00120908 00000024 T threadJoin
0012092c 00000070 T threadExit
0012099c 00000040 t _thread_begin
001209dc 00000050 T srvExit
00120a2c 00000038 T srvRegisterClient
00120a64 00000078 T srvInit
00120adc 00000068 T srvGetServiceHandleDirect
00120b44 00000038 T srvGetServiceHandle
00120b7c 00000084 T envGetHandle
00120c00 0000004c T envDestroyHandles
00120c4c 00000034 t LightLock_Unlock.part.1
00120c80 0000000c T __sync_init
00120c8c 00000018 T __sync_fini
00120ca4 00000010 T __sync_get_arbiter
00120cb4 00000018 T LightLock_Init
00120ccc 000000a0 T LightLock_Lock
00120d6c 00000034 T LightLock_TryLock
00120da0 00000020 T LightLock_Unlock
00120dc0 00000024 T RecursiveLock_Init
00120de4 00000030 T RecursiveLock_Lock
00120e14 00000058 T RecursiveLock_TryLock
00120e6c 00000038 T RecursiveLock_Unlock
00120ea4 00000038 T LightEvent_Init
00120edc 0000007c T LightEvent_Clear
00120f58 000000dc T LightEvent_Signal
00121034 000000d0 T LightEvent_Wait
00121104 000000a4 W __libctru_exit
001211a8 0000001c W __appExit
001211c4 00000030 t __ctru_get_reent
001211f4 000000e4 T __system_initSyscalls
001212d8 0000001c W __appInit
001212f4 00000010 t sdmc_link
00121304 00000010 t sdmc_dirreset
00121314 00000010 t sdmc_fchmod
00121324 00000024 t error_cmp
00121348 00000050 t sdmc_translate_error
00121398 00000034 t sdmc_fsync
001213cc 00000054 t sdmc_ftruncate
00121420 000000b8 t sdmc_statvfs
001214d8 00000038 t sdmc_dirclose
00121510 00000138 t sdmc_dirnext
00121648 00000034 t sdmc_close
0012167c 00000074 t sdmc_fstat
001216f0 000000d8 t sdmc_seek
001217c8 00000084 t sdmc_read
0012184c 000000b8 t sdmc_write
00121904 000001b4 t sdmc_utf16path
00121ab8 00000074 t sdmc_rmdir
00121b2c 000000a4 t sdmc_diropen
00121bd0 000000a0 t sdmc_chdir
00121c70 00000098 t sdmc_mkdir
00121d08 00000108 t sdmc_rename
00121e10 00000074 t sdmc_unlink
00121e84 00000108 t sdmc_stat
00121f8c 00000188 t sdmc_open
00122114 00000010 t sdmc_chmod
00122124 0000015c T sdmcInit
00122280 00000058 T sdmcExit
001222d8 00000028 t fsSessionForArchive.part.0
00122300 000000c8 T fsInit
001223c8 00000038 T fsExit
00122400 000000a0 T fsExemptFromSession
001224a0 00000054 T fsUnexemptFromSession
001224f4 000000bc T FSUSER_OpenFile
001225b0 000000a4 T FSUSER_DeleteFile
00122654 000000e0 T FSUSER_RenameFile
00122734 000000a4 T FSUSER_DeleteDirectory
001227d8 000000bc T FSUSER_CreateFile
00122894 000000ac T FSUSER_CreateDirectory
00122940 000000e0 T FSUSER_RenameDirectory
00122a20 000000a4 T FSUSER_OpenDirectory
00122ac4 00000098 T FSUSER_OpenArchive
00122b5c 00000074 T FSUSER_CloseArchive
00122bd0 00000078 T FSUSER_GetSdmcArchiveResource
00122c48 00000064 T FSUSER_IsSdmcWritable
00122cac 0000005c T FSFILE_Read
00122d08 00000064 T FSFILE_Write
00122d6c 0000003c T FSFILE_GetSize
00122da8 0000002c T FSFILE_SetSize
00122dd4 0000003c T FSFILE_Close
00122e10 00000024 T FSFILE_Flush
00122e34 00000054 T FSDIR_Read
00122e88 0000003c T FSDIR_Close
00122ec4 000000c0 T utf8_to_utf16
00122f84 00000138 T decode_utf8
001230bc 000000e8 T utf16_to_utf8
001231a4 00000104 T encode_utf8
001232a8 00000068 T encode_utf16
00123310 T __aeabi_read_tp
0012331c 00000060 T decode_utf16
0012337c 000000c4 T cosf
00123440 00000184 T floor
001235c8 0000009c T frexp
00123664 000000cc T sinf
00123730 00000398 T pow
00123ac8 000002e8 T __ieee754_rem_pio2f
00123db0 000008bc T __ieee754_pow
0012466c 00000214 T __ieee754_sqrt
00124880 00000124 T __kernel_cosf
001249a4 00000898 T __kernel_rem_pio2f
0012523c 000000a0 T __kernel_sinf
001252dc 00000010 T fabs
001252ec 00000010 T fabsf
001252fc 000000bc T floorf
001253b8 00000014 T finite
001253cc 00000114 T scalbnf
001254e0 00000008 T matherr
001254e8 00000010 T nan
001254f8 00000178 T rint
00125670 00000170 T scalbn
001257e0 0000001c T copysign
001257fc 0000001c T copysignf
00125818 00000128 T __udivmoddi4
00125940 00000014 T abort
00125954 00000074 T bsearch
001259c8 00000020 T calloc
001259e8 00000090 T _calloc_r
00125a78 0000000c T __errno
00125a84 00000154 T _fclose_r
00125bd8 00000254 T __sflush_r
00125e2c 00000094 T _fflush_r
00125ec0 00000038 T fflush
00125ef8 0000000c T _cleanup_r
00125f04 00000080 t std.isra.0
00125f84 0000008c T __sinit
00126010 0000000c T __sfp_lock_acquire
0012601c 0000000c T __sfp_lock_release
00126028 00000040 T __libc_fini_array
00126068 0000003c T fprintf
001260a4 00000094 T fputc
00126138 000002d4 T _fread_r
0012640c 00000038 T fread
00126444 000000f8 T _malloc_trim_r
0012653c 000002e4 T _free_r
00126820 00000078 T _fwalk
00126898 00000080 T _fwalk_reent
00126918 00000078 T __libc_init_array
00126990 00000094 T __swhatbuf_r
00126a24 000000f4 T __smakebuf_r
00126b18 00000020 T memalign
00126b38 00000158 T _memalign_r
00126c90 00000018 T malloc
00126ca8 00000018 T free
00126cc0 0000078c T _malloc_r
0012744c 00000104 T memchr
00127550 000000e8 T memcmp
00127638 00000114 T memcpy
0012774c 00000110 T memset
0012785c 0000000c T __malloc_lock
00127868 0000000c T __malloc_unlock
00127874 00000038 T printf
001278ac 000000d4 T _putc_r
00127980 0000001c t lflush
0012799c 000001b4 T __srefill_r
00127b50 00000258 T setvbuf
00127da8 000000a0 T _raise_r
00127e48 00000018 T raise
00127e60 00000074 T sscanf
00127ed4 0000003c T __sread
00127f10 00000008 T __seofread
00127f18 00000064 T __swrite
00127f7c 0000004c T __sseek
00127fc8 00000008 T __sclose
00127fd0 0000005c T strlen
0012802c 0000009c T strncat
001280c8 000000d8 T strncpy
001281a0 00000054 t sulp
001281f8 00001434 T _strtod_l
0012962c 0000003c T _strtod_r
00129668 0000290c T __ssvfscanf_r
0012bf74 0000001c t __sprint_r.part.0
0012bf90 0000001c T __sprint_r
0012bfac 00001624 t get_arg
0012d5d0 00004314 T _vfprintf_r
001318e4 000000cc t __sbprintf
001319b0 00000108 T __swbuf_r
00131ab8 000000a0 T _wcrtomb_r
00131b58 00000020 T _wcsrtombs_r
00131b78 00000144 T __swsetup_r
00131cbc 000001d0 t quorem
00131e90 00001260 T _dtoa_r
001330f0 000004ac T __sfvwrite_r
0013359c 000000f0 t rshift
0013368c 000007f4 T __gethex
00133e80 00000064 T __match
00133ee4 00000264 T __hexnan
00134148 00000074 T iswspace
001341bc 00000204 t __jp2uc
001343c0 000000c8 T _jp2uc
00134488 00000008 T __localeconv_l
00134490 00000024 T _localeconv_r
001344b4 00000024 T __locale_mb_cur_max
001344d8 00000008 T __locale_ctype_ptr_l
001344e0 00000024 T __locale_ctype_ptr
00134504 000000b4 T _mbrtowc_r
001345b8 00000300 T __utf8_mbtowc
001348b8 00000148 T memmove
00134a00 00000088 T _Balloc
00134a88 0000001c T _Bfree
00134aa4 000000d8 T __multadd
00134b7c 000000f0 T __s2b
00134c6c 00000058 T __hi0bits
00134cc4 0000009c T __lo0bits
00134d60 00000020 T __i2b
00134d80 000001cc T __multiply
00134f4c 00000100 T __pow5mult
0013504c 000000e4 T __lshift
00135130 00000060 T __mcmp
00135190 00000198 T __mdiff
00135328 00000078 T __ulp
001353a0 000000d4 T __b2d
00135474 00000108 T __d2b
0013557c 0000007c T __ratio
001355f8 0000006c T __copybits
00135664 00000080 T __any_on
001356e4 000004cc T _realloc_r
00135bb0 000000cc T __sccl
00135c7c 0000000c T nanf
00135c88 00000068 T sprintf
00135cf0 00000100 T stpncpy
00135df0 000001ac T strchr
00135f9c 00000108 T strncmp
001360a4 000002dc t _strtoll_l.isra.0
00136380 00000050 T _strtoll_r
001363d0 00000220 t _strtol_l.isra.0
001365f0 00000050 T _strtol_r
00136640 00000268 t _strtoull_l.isra.0
001368a8 00000050 T _strtoull_r
001368f8 000001e4 t _strtoul_l.isra.0
00136adc 00000050 T _strtoul_r
00136b2c 00000188 T __ssprint_r
00136cb4 000000e8 T _sungetc_r
00136d9c 0000006c T __ssrefill_r
00136e08 000000d0 T _sfread_r
00136ed8 00001624 t get_arg
00138500 000041c4 T _svfprintf_r
0013c6c4 000000a8 T __submore
0013c76c 00000174 T _wcsnrtombs_l
0013c8e0 00000064 T _wcsnrtombs_r
0013c944 000000e8 T __utf8_wctomb
0013ca2c 00000008 t null_write
0013ca34 00000018 T setDefaultDevice
0013ca4c 000000cc T FindDevice
0013cb18 00000028 T RemoveDevice
0013cb40 00000098 T AddDevice
0013cbd8 00000084 T _close_r
0013cc5c 0000007c T _fstat_r
0013ccd8 00000010 T _getpid_r
0013cce8 00000008 T _isatty_r
0013ccf0 00000010 T _kill_r
0013cd00 00000090 T _lseek_r
0013cd90 00000088 T _read_r
0013ce18 00000070 T _sbrk_r
0013ce88 00000088 T _write_r
0013cf10 00000024 T _exit
0013cf34 000001d4 T _concatenate_path
0013d108 0000015c T chdir
0013d264 00000008 T __flockfile
0013d26c 00000008 T __funlockfile
0013d274 00000018 T __libc_lock_acquire
0013d28c 00000018 T __libc_lock_release
0013d2a4 00000018 T __libc_lock_init_recursive
0013d2bc 00000018 T __libc_lock_acquire_recursive
0013d2d4 00000018 T __libc_lock_release_recursive
0013d2ec 00000018 T __libc_lock_close_recursive
0013d304 0000004c T __free_handle
0013d350 00000040 T __release_handle
0013d390 00000018 T __get_handle
0013d3a8 00000028 T __getreent
0013d3d0 0000005c T strnlen
0013d42c 00000044 T strrchr
0013d470 T _fini
0013e000 R fidgspin_png
00144180 R fidgspin_png_end
00144180 R fidgspin_png_size
00144184 R topscr_png
0014718c R topscr_png_end
0014718c R topscr_png_size
00147198 00000030 r short_months.9538
001471c8 00000020 r CSWTCH.116
001471e8 00000020 r CSWTCH.117
00147208 00000020 r sRGB_xy
00147228 00000024 r sRGB_XYZ.9728
0014724c 0000000c r D50_nCIEXYZ
00147258 000000e0 r png_sRGB_checks
00147338 00000200 R png_sRGB_delta
00147538 00000400 R png_sRGB_base
00147938 00000200 R png_sRGB_table
00147b38 00000010 r png_digit
00147b48 00000011 r digits.9448
00147b5c 00000048 r display_mask.9821
00147ba4 00000090 r row_mask.9820
00147c34 0000001c r png_pass_inc.9865
00147c50 00000007 r png_pass_yinc.10051
00147c58 00000007 r png_pass_ystart.10050
00147c60 00000007 r png_pass_inc.10049
00147c60 00000007 r png_pass_inc.10058
00147c68 00000007 r png_pass_start.10048
00147c68 00000007 r png_pass_start.10057
00147c70 00000100 r onebppswaptable
00147d70 00000100 r twobppswaptable
00147e70 00000100 r fourbppswaptable
00147f70 00002000 r crc_table
00149f70 00000800 r lenfix.6883
0014a770 00000080 r distfix.6884
0014a7f0 00000026 r order.6912
0014a818 00000040 r dext.6798
0014a858 00000040 r dbase.6797
0014a898 0000003e r lext.6796
0014a8d8 0000003e r lbase.6795
0014a918 0000002f R inflate_copyright
0014a948 00000010 r CSWTCH.23
0014a958 R shader_shbin
0014aaa4 R shader_shbin_end
0014aaa4 R shader_shbin_size
0014aaa8 00000038 r CSWTCH.2
0014aae0 00000003 r parm.12748
0014aae4 00000004 r CSWTCH.7
0014aae8 00000005 r colorFmtSizes
0014aaf0 00000004 r depthFmtSizes
0014aaf4 00000014 r CSWTCH.26
0014ab08 00000008 r framebufferInfoSt
0014ab10 00000068 r dotab_3dmoo
0014ab78 00000068 r dotab_stdout
0014abe0 00000068 r dotab_null
0014ac48 00000030 r colorTable
0014ac78 0000000c r serviceNameTable.7434
0014ac84 R default_font_bin
0014b484 R default_font_bin_end
0014b484 R default_font_bin_size
0014b488 00000030 r error_table
0014b974 r .LC2
0014db24 00000080 r npio2_hw
0014dba4 00000318 r two_over_pi
0014debc 0000002c r PIo2
0014dee8 0000000c r init_jk
0014def8 00000010 r TWO52
0014df08 00000004 R _global_impure_ptr
0014df1c 00000014 r fpi.7277
0014df30 00000014 r fpinan.7313
0014df48 00000028 r tinytens
0014df78 00000022 r basefix.8441
0014dfdc 00000010 r blanks.8415
0014dfec 00000010 r zeroes.8416
0014e00c 00000100 R __hexdig
0014e120 000000bc r a1
0014e1dc 000000bc r a2
0014e298 0000005b r a3
0014e2f4 00000070 r a6
0014e364 000000a2 r a7
0014e408 00000040 r a8
0014e448 0000172a r b02cf
0014fb74 00001a7c r d02f4
00151638 00000028 R __mprec_bigtens
00151660 000000c8 R __mprec_tens
00151728 0000000c r p05.7191
00151734 0000006c R __action_table
001517a0 00000100 R __chclass
001518a0 0000006c R __state_table
0015190c 00000010 r blanks.8400
0015191c 00000010 r zeroes.8401
0015192c 00000101 R _ctype_
00151a38 00000068 R dotab_stdnull
00151aa0 00000003 R DIRECTORY_PARENT
00151aa4 r __EH_FRAME_BEGIN__
00151aa4 R __exidx_end
00151aa4 R __exidx_start
00152000 00000004 d useTransform_desc
00152004 00000004 d transform_desc
00152008 00000004 d vblank_wait
0015200c 00000004 d projection_desc
00152010 00000001 d topFormat
00152011 00000001 d botFormat
00152014 00000008 d doubleBuf
0015201c 0000004c D defaultConsole
00152068 00000004 D currentConsole
0015206c 00000001 d firstConsoleInit.7754
00152070 00000004 d aptFlags
00152074 00000004 d gspLastEvent
00152078 00000004 V __ctru_linear_heap_size
0015207c W __stacksize__
00152080 00000401 d __cwd
00152484 00000068 d sdmc_devoptab
001524ec 00000001 D __fdlib_version
001524f0 0000000c d __sfp_lock
001524fc 0000000c d __sinit_lock
00152508 00000004 D _impure_ptr
00152510 00000460 d impure_data
00152970 00000408 D __malloc_av_
00152d78 00000004 D __malloc_sbrk_base
00152d7c 00000004 D __malloc_trim_threshold
00152d80 0000000c d __malloc_lock_object
00152d8c 0000016c D __global_locale
00152ef8 00000004 d defaultDevice
00152efc 00000040 D devoptab_list
00152f3c 00001000 d _current_working_directory
00153f3c 00000004 d __hndl_lock
00153f40 0000000c d __stderr_handle
00153f4c 0000000c d __stdin_handle
00153f58 0000000c d __stdout_handle
00153f64 00001000 d handles
00154f64 t __frame_dummy_init_array_entry
00154f64 T __init_array_start
00154f64 d __JCR_LIST__
00154f64 B __preinit_array_end
00154f64 B __preinit_array_start
00154f64 D __tdata_lma
00154f64 D __tdata_lma_end
00154f64 D __TMC_END__
00154f64 d __TMC_LIST__
00154f68 t __do_global_dtors_aux_fini_array_entry
00154f68 T __fini_array_start
00154f68 T __init_array_end
00154f6c T __bss_start__
00154f6c T __fini_array_end
00154f70 00000004 b sf2d_initialized
00154f74 00000004 b pool_addr
00154f78 00000014 b shader
00154f8c 00000004 b dvlb
00154f90 00000004 b in_render
00154f94 00000004 b pool_index
00154f98 00000001 b cur_screen
00154f99 00000001 b cur_side
00154f9c 00000004 b targetTopLeft
00154fa0 00000004 b targetTopRight
00154fa4 00000004 b targetBottom
00154fa8 00000004 b frames
00154fb0 00000008 b last_time
00154fb8 00000004 b current_fps
00154fbc 00000004 b pool_size
00154fc0 00000018 b C3Di_ShaderFVecData
00154fd8 000000c0 b C3Di_FVUnifEverDirty
00155098 00000008 b C3Di_IVUnifEverDirty
001550a0 00000001 b queuedCount
001550a4 00000004 b transferQueue
001550a8 00000004 b clearQueue
001550ac 00000001 b inSafeTransfer
001550b0 0000000c b linkedTarget
001550bc 0000004c b temp.13412
00155108 00000001 b inSafeClear
00155109 00000001 b queueSwap
0015510c 00000020 b queuedFrame
0015512c 00000001 b queuedState
0015512d 00000001 b inFrame
00155130 00000004 b lastTarget
00155134 00000004 b firstTarget
00155138 0000000c b hookCookie
00155144 00000008 b sLinearPool
0015514c 0000000c b sAddrMap
00155158 00000008 b sVramPool
00155160 0000000c b sAddrMap
0015516c 00000001 b enable3d
00155170 00000004 b screenAlloc
00155174 00000004 b screenFree
00155178 00000002 b currentBuffer
0015517a 00000001 V __ctru_speedup
0015517c 00000004 b ptmSysmRefCount
00155180 00000004 b ptmSysmHandle
00155184 00000004 b hidRefCount
00155188 00000004 b kOld
0015518c 00000004 b kHeld
00155190 00000004 b cPos
00155194 00000004 b tPos
00155198 00000006 b aVec
001551a0 00000006 b gRate
001551a8 00000004 b kDown
001551ac 00000004 b kUp
001551b0 00000004 b aptLockHandle
001551b4 00000004 b serviceName.7433
001551b8 0000000c b aptFirstHook
001551c4 00000004 b aptMessageFunc
001551c8 00000004 b aptMessageFuncData
001551cc 0000000c b aptEvents
001551d8 00000001 b aptHomeButtonState
001551dc 00000008 b aptSleepEvent
001551e4 00001000 b aptParameters
001561e4 00000004 b aptRefCount
001561e8 00000004 b aptEventHandlerThread
001561ec 00000001 b flagInit.7784
001561ed 00000001 b flagValue.7785
001561f0 00000001 b gspRunEvents
001561f4 00000004 b gspEvent
001561f8 00000004 b gspEventData
001561fc 0000001c b gspEventCb
00156218 00000007 b gspEventCbOneShot
00156220 0000001c b gspEventCbData
0015623c 00000038 b gspEvents
00156274 0000001c b gspEventCounts
00156290 00000004 b gspRefCount
00156294 00000004 b gspEventThread
00156298 00000004 b irrstRefCount
0015629c 00000004 b kHeld
001562a0 00000004 b csPos
001562a4 00000004 V __ctru_heap_size
001562a8 b saved_stack
001562b0 00000008 b sMappablePool
001562b8 0000000c b sAddrMap
001562c4 00000004 b srvRefCount
001562c8 00000004 b srvHandle
001562cc 00000004 b arbiter
001562d0 00000008 b sdmcArchive
001562d8 00000001 b sdmcInitialised
001562e0 00000004 b fsuHandle
001562e4 00000004 b fsuRefCount
001562e8 00000080 b fsExemptArchives
00156368 b completed.7620
0015636c b object.7625
00156384 00000028 B __malloc_current_mallinfo
001563ac 00000004 B __malloc_max_sbrked_mem
001563b0 00000004 B __malloc_max_total_mem
001563b4 00000004 B __malloc_top_pad
001563b8 00000004 b heap_start.6927
001563bc 00000004 B fake_heap_end
001563c0 00000004 B fake_heap_start
001563c4 00001000 b temp_cwd
001573c4 00000038 B __syscalls
001573fc 00000020 B C3D_IVUnif
0015741c 000000c0 B C3D_FVUnifDirty
001574dc 00000002 B C3D_BoolUnifsDirty
001574e0 00000008 B C3D_IVUnifDirty
001574e8 00000004 B C3D_BoolUnifs
001574ec 00000c00 B C3D_FVUnif
001580f0 00000278 B __C3D_Context
00158368 00000008 B gfxBottomFramebuffers
00158370 00000004 B gspSharedMemHandle
00158374 0000001c B bottomFramebufferInfo
00158390 00000004 B gspEvent
00158394 00000008 B gfxTopLeftFramebuffers
0015839c 00000008 B gfxTopRightFramebuffers
001583a4 0000001c B topFramebufferInfo
001583c0 00000001 B gfxThreadID
001583c4 00000004 B gfxSharedMemory
001583c8 00000004 B gfxTopFramebufferMaxSize
001583cc 00000004 B gfxBottomFramebufferMaxSize
001583d0 0000004c B currentCopy
0015841c 00000004 B gpuCmdBuf
00158420 00000004 B gpuCmdBufOffset
00158424 00000004 B gpuCmdBufSize
00158428 00000004 B gxCmdBuf
0015842c 00000004 B hidMemHandle
00158430 00000004 B hidHandle
00158434 00000004 B hidSharedMem
00158438 00000014 B hidEvents
0015844c 00000004 B gspGpuHandle
00158450 00000004 B irrstHandle
00158454 00000004 B irrstEvent
00158458 00000004 B irrstMemHandle
0015845c 00000004 B irrstSharedMem
00158460 00000004 B __system_argv
00158464 00000004 B __system_argc
00158468 00000004 B __ctru_linear_heap
0015846c 00000004 B __ctru_heap
00158470 00000004 B __system_retAddr
00158474 B __tls_start
0015b880 B __bss_end__
0015b880 A __end__
0015b880 B __tls_end
